<?xml version="1.0" encoding="UTF-8"?>
<!-- Generated by org.testng.reporters.JUnitXMLReporter -->
<testsuite ignored="0" hostname="VIT-N-010" failures="1" tests="2" name="Error Validations Test" time="36.56" errors="0" timestamp="2024-02-16T00:31:07 IST">
  <testcase classname="ShriramAcademy.Tests.ErrorValidationsTest" name="LoginErrorValidation" time="0.945">
    <failure type="java.lang.AssertionError" message="expected [Incorrect email or password.] but found [Incorrect email  password.]">
      <![CDATA[java.lang.AssertionError: expected [Incorrect email or password.] but found [Incorrect email  password.]
at ShriramAcademy.Tests.ErrorValidationsTest.LoginErrorValidation(ErrorValidationsTest.java:36)
at java.base/java.util.ArrayList.forEach(ArrayList.java:1511)
at java.base/java.util.concurrent.FutureTask.run(FutureTask.java:264)
at java.base/java.util.concurrent.ThreadPoolExecutor.runWorker(ThreadPoolExecutor.java:1136)
at java.base/java.util.concurrent.ThreadPoolExecutor$Worker.run(ThreadPoolExecutor.java:635)
at java.base/java.lang.Thread.run(Thread.java:840)
... Removed 23 stack frames]]>
    </failure>
  </testcase> <!-- LoginErrorValidation -->
  <testcase classname="ShriramAcademy.Tests.ErrorValidationsTest" name="ProductErrorValidation" time="24.089"/>
</testsuite> <!-- Error Validations Test -->
