<?xml version="1.0" encoding="UTF-8"?>
<testng-results ignored="0" total="5" passed="4" failed="1" skipped="0">
  <reporter-output>
  </reporter-output>
  <suite started-at="2024-02-16T00:30:29 IST" name="Suite" finished-at="2024-02-16T00:31:10 IST" duration-ms="40966">
    <groups>
      <group name="ErrorHandling">
        <method signature="ErrorValidationsTest.LoginErrorValidation()[pri:0, instance:ShriramAcademy.Tests.ErrorValidationsTest@79c7532f]" name="LoginErrorValidation" class="ShriramAcademy.Tests.ErrorValidationsTest"/>
      </group> <!-- ErrorHandling -->
      <group name="Purchase">
        <method signature="SubmitOrderTest.submitOrder(java.util.HashMap)[pri:0, instance:ShriramAcademy.Tests.SubmitOrderTest@4f9a2c08]" name="submitOrder" class="ShriramAcademy.Tests.SubmitOrderTest"/>
      </group> <!-- Purchase -->
    </groups>
    <test started-at="2024-02-16T00:30:29 IST" name="Error Validations Test" finished-at="2024-02-16T00:31:05 IST" duration-ms="36560">
      <class name="ShriramAcademy.Tests.ErrorValidationsTest">
        <test-method is-config="true" signature="launchApplication()[pri:0, instance:ShriramAcademy.Tests.ErrorValidationsTest@79c7532f]" started-at="2024-02-16T00:30:29 IST" name="launchApplication" finished-at="2024-02-16T00:30:37 IST" duration-ms="7836" status="PASS">
          <reporter-output>
          </reporter-output>
        </test-method> <!-- launchApplication -->
        <test-method signature="LoginErrorValidation()[pri:0, instance:ShriramAcademy.Tests.ErrorValidationsTest@79c7532f]" started-at="2024-02-16T00:30:37 IST" name="LoginErrorValidation" finished-at="2024-02-16T00:30:38 IST" duration-ms="945" status="FAIL">
          <exception class="java.lang.AssertionError">
            <message>
              <![CDATA[expected [Incorrect email or password.] but found [Incorrect email  password.]]]>
            </message>
            <full-stacktrace>
              <![CDATA[java.lang.AssertionError: expected [Incorrect email or password.] but found [Incorrect email  password.]
at org.testng.Assert.fail(Assert.java:111)
at org.testng.Assert.failNotEquals(Assert.java:1578)
at org.testng.Assert.assertEqualsImpl(Assert.java:150)
at org.testng.Assert.assertEquals(Assert.java:132)
at org.testng.Assert.assertEquals(Assert.java:656)
at org.testng.Assert.assertEquals(Assert.java:666)
at ShriramAcademy.Tests.ErrorValidationsTest.LoginErrorValidation(ErrorValidationsTest.java:36)
at java.base/jdk.internal.reflect.NativeMethodAccessorImpl.invoke0(Native Method)
at java.base/jdk.internal.reflect.NativeMethodAccessorImpl.invoke(NativeMethodAccessorImpl.java:77)
at java.base/jdk.internal.reflect.DelegatingMethodAccessorImpl.invoke(DelegatingMethodAccessorImpl.java:43)
at java.base/java.lang.reflect.Method.invoke(Method.java:568)
at org.testng.internal.invokers.MethodInvocationHelper.invokeMethod(MethodInvocationHelper.java:139)
at org.testng.internal.invokers.TestInvoker.invokeMethod(TestInvoker.java:664)
at org.testng.internal.invokers.TestInvoker.invokeTestMethod(TestInvoker.java:228)
at org.testng.internal.invokers.MethodRunner.runInSequence(MethodRunner.java:63)
at org.testng.internal.invokers.TestInvoker$MethodInvocationAgent.invoke(TestInvoker.java:961)
at org.testng.internal.invokers.TestInvoker.invokeTestMethods(TestInvoker.java:201)
at org.testng.internal.invokers.TestMethodWorker.invokeTestMethods(TestMethodWorker.java:148)
at org.testng.internal.invokers.TestMethodWorker.run(TestMethodWorker.java:128)
at java.base/java.util.ArrayList.forEach(ArrayList.java:1511)
at org.testng.TestRunner.privateRun(TestRunner.java:819)
at org.testng.TestRunner.run(TestRunner.java:619)
at org.testng.SuiteRunner.runTest(SuiteRunner.java:443)
at org.testng.SuiteRunner$SuiteWorker.run(SuiteRunner.java:481)
at org.testng.internal.thread.ThreadUtil.lambda$execute$0(ThreadUtil.java:58)
at java.base/java.util.concurrent.FutureTask.run(FutureTask.java:264)
at java.base/java.util.concurrent.ThreadPoolExecutor.runWorker(ThreadPoolExecutor.java:1136)
at java.base/java.util.concurrent.ThreadPoolExecutor$Worker.run(ThreadPoolExecutor.java:635)
at java.base/java.lang.Thread.run(Thread.java:840)
]]>
            </full-stacktrace>
          </exception> <!-- java.lang.AssertionError -->
          <reporter-output>
          </reporter-output>
        </test-method> <!-- LoginErrorValidation -->
        <test-method is-config="true" signature="tearDown()[pri:0, instance:ShriramAcademy.Tests.ErrorValidationsTest@79c7532f]" started-at="2024-02-16T00:30:38 IST" name="tearDown" finished-at="2024-02-16T00:30:39 IST" duration-ms="327" status="PASS">
          <reporter-output>
          </reporter-output>
        </test-method> <!-- tearDown -->
        <test-method is-config="true" signature="launchApplication()[pri:0, instance:ShriramAcademy.Tests.ErrorValidationsTest@79c7532f]" started-at="2024-02-16T00:30:39 IST" name="launchApplication" finished-at="2024-02-16T00:30:41 IST" duration-ms="2571" status="PASS">
          <reporter-output>
          </reporter-output>
        </test-method> <!-- launchApplication -->
        <test-method signature="ProductErrorValidation()[pri:0, instance:ShriramAcademy.Tests.ErrorValidationsTest@79c7532f]" started-at="2024-02-16T00:30:41 IST" name="ProductErrorValidation" finished-at="2024-02-16T00:31:05 IST" duration-ms="24089" status="PASS">
          <reporter-output>
          </reporter-output>
        </test-method> <!-- ProductErrorValidation -->
        <test-method is-config="true" signature="tearDown()[pri:0, instance:ShriramAcademy.Tests.ErrorValidationsTest@79c7532f]" started-at="2024-02-16T00:31:05 IST" name="tearDown" finished-at="2024-02-16T00:31:05 IST" duration-ms="194" status="PASS">
          <reporter-output>
          </reporter-output>
        </test-method> <!-- tearDown -->
      </class> <!-- ShriramAcademy.Tests.ErrorValidationsTest -->
    </test> <!-- Error Validations Test -->
    <test started-at="2024-02-16T00:30:29 IST" name="Submit Order Test" finished-at="2024-02-16T00:31:10 IST" duration-ms="40966">
      <class name="ShriramAcademy.Tests.SubmitOrderTest">
        <test-method is-config="true" signature="launchApplication()[pri:0, instance:ShriramAcademy.Tests.SubmitOrderTest@4f9a2c08]" started-at="2024-02-16T00:30:29 IST" name="launchApplication" finished-at="2024-02-16T00:30:36 IST" duration-ms="6239" status="PASS">
          <reporter-output>
          </reporter-output>
        </test-method> <!-- launchApplication -->
        <test-method signature="submitOrder(java.util.HashMap)[pri:0, instance:ShriramAcademy.Tests.SubmitOrderTest@4f9a2c08]" started-at="2024-02-16T00:30:36 IST" name="submitOrder" data-provider="getData" finished-at="2024-02-16T00:30:56 IST" duration-ms="19803" status="PASS">
          <params>
            <param index="0">
              <value>
                <![CDATA[{password=India@123, product=IPHONE 13 PRO, email=webelement@yopmail.com}]]>
              </value>
            </param>
          </params>
          <reporter-output>
          </reporter-output>
        </test-method> <!-- submitOrder -->
        <test-method is-config="true" signature="tearDown()[pri:0, instance:ShriramAcademy.Tests.SubmitOrderTest@4f9a2c08]" started-at="2024-02-16T00:30:56 IST" name="tearDown" finished-at="2024-02-16T00:30:56 IST" duration-ms="222" status="PASS">
          <reporter-output>
          </reporter-output>
        </test-method> <!-- tearDown -->
        <test-method is-config="true" signature="launchApplication()[pri:0, instance:ShriramAcademy.Tests.SubmitOrderTest@4f9a2c08]" started-at="2024-02-16T00:30:56 IST" name="launchApplication" finished-at="2024-02-16T00:30:58 IST" duration-ms="2044" status="PASS">
          <reporter-output>
          </reporter-output>
        </test-method> <!-- launchApplication -->
        <test-method signature="submitOrder(java.util.HashMap)[pri:0, instance:ShriramAcademy.Tests.SubmitOrderTest@4f9a2c08]" started-at="2024-02-16T00:30:58 IST" name="submitOrder" data-provider="getData" finished-at="2024-02-16T00:31:06 IST" duration-ms="8419" status="PASS">
          <params>
            <param index="0">
              <value>
                <![CDATA[{password=Admin@123, product=ZARA COAT 3, email=webdriver@yopmail.com}]]>
              </value>
            </param>
          </params>
          <reporter-output>
          </reporter-output>
        </test-method> <!-- submitOrder -->
        <test-method is-config="true" signature="tearDown()[pri:0, instance:ShriramAcademy.Tests.SubmitOrderTest@4f9a2c08]" started-at="2024-02-16T00:31:06 IST" name="tearDown" finished-at="2024-02-16T00:31:06 IST" duration-ms="205" status="PASS">
          <reporter-output>
          </reporter-output>
        </test-method> <!-- tearDown -->
        <test-method is-config="true" signature="launchApplication()[pri:0, instance:ShriramAcademy.Tests.SubmitOrderTest@4f9a2c08]" started-at="2024-02-16T00:31:06 IST" name="launchApplication" finished-at="2024-02-16T00:31:09 IST" duration-ms="2166" status="PASS">
          <reporter-output>
          </reporter-output>
        </test-method> <!-- launchApplication -->
        <test-method signature="OrderHistoryTest()[pri:0, instance:ShriramAcademy.Tests.SubmitOrderTest@4f9a2c08]" started-at="2024-02-16T00:31:09 IST" name="OrderHistoryTest" finished-at="2024-02-16T00:31:10 IST" depends-on-methods="ShriramAcademy.Tests.SubmitOrderTest.submitOrder" duration-ms="1098" status="PASS">
          <reporter-output>
          </reporter-output>
        </test-method> <!-- OrderHistoryTest -->
        <test-method is-config="true" signature="tearDown()[pri:0, instance:ShriramAcademy.Tests.SubmitOrderTest@4f9a2c08]" started-at="2024-02-16T00:31:10 IST" name="tearDown" finished-at="2024-02-16T00:31:10 IST" duration-ms="167" status="PASS">
          <reporter-output>
          </reporter-output>
        </test-method> <!-- tearDown -->
      </class> <!-- ShriramAcademy.Tests.SubmitOrderTest -->
    </test> <!-- Submit Order Test -->
  </suite> <!-- Suite -->
</testng-results>
